{"name": "test_right_way", "status": "broken", "statusDetails": {"message": "selenium.common.exceptions.TimeoutException: Message:", "trace": "tests\\test_shop.py:81: in test_right_way\n    WebDriverWait(browser, timeout=10, poll_frequency=2).until(\n        browser    = <selenium.webdriver.chrome.webdriver.WebDriver (session=\"0b8a58fdda4b976c7777ea63b32b725f\")>\n        product    = <selenium.webdriver.remote.webelement.WebElement (session=\"0b8a58fdda4b976c7777ea63b32b725f\", element=\"4b50975b-7844-4e7f-9348-29ebc9946853\")>\n..\\..\\..\\AppData\\Local\\Programs\\Python\\Python311\\Lib\\site-packages\\selenium\\webdriver\\support\\wait.py:95: in until\n    raise TimeoutException(message, screen, stacktrace)\nE   selenium.common.exceptions.TimeoutException: Message:\n        end_time   = 12947.828\n        message    = ''\n        method     = <function visibility_of_element_located.<locals>._predicate at 0x00000236C63DD1C0>\n        screen     = None\n        self       = <selenium.webdriver.support.wait.WebDriverWait (session=\"0b8a58fdda4b976c7777ea63b32b725f\")>\n        stacktrace = None\n        value      = False"}, "description": "\n    Test case TC-4\n    ", "start": 1679757470238, "stop": 1679757483328, "uuid": "f03b8bba-1322-46de-b6b2-e7d53f1eeb79", "historyId": "832350b147fac251f172289a626c5cba", "testCaseId": "7b8323124234f69a8fde1e3de50f452e", "fullName": "tests.test_shop#test_right_way", "labels": [{"name": "parentSuite", "value": "tests"}, {"name": "suite", "value": "test_shop"}, {"name": "host", "value": "Baribal"}, {"name": "thread", "value": "15328-MainThread"}, {"name": "framework", "value": "pytest"}, {"name": "language", "value": "cpython3"}, {"name": "package", "value": "tests.test_shop"}]}