{"name": "test_right_way", "status": "broken", "statusDetails": {"message": "selenium.common.exceptions.TimeoutException: Message:", "trace": "tests\\test_shop.py:88: in test_right_way\n    WebDriverWait(browser, timeout=10, poll_frequency=1).until(\n        browser    = <selenium.webdriver.chrome.webdriver.WebDriver (session=\"5e06c035c6d9114ec7c8a884db72ec7c\")>\n        cart_is_visible = 'block'\n        product    = <selenium.webdriver.remote.webelement.WebElement (session=\"5e06c035c6d9114ec7c8a884db72ec7c\", element=\"29e91fd8-99d0-4b36-a599-28f0483788c5\")>\n..\\..\\..\\AppData\\Local\\Programs\\Python\\Python311\\Lib\\site-packages\\selenium\\webdriver\\support\\wait.py:95: in until\n    raise TimeoutException(message, screen, stacktrace)\nE   selenium.common.exceptions.TimeoutException: Message:\n        end_time   = 12508.093\n        message    = ''\n        method     = <function url_to_be.<locals>._predicate at 0x000001FFF40891C0>\n        screen     = None\n        self       = <selenium.webdriver.support.wait.WebDriverWait (session=\"5e06c035c6d9114ec7c8a884db72ec7c\")>\n        stacktrace = None\n        value      = False"}, "description": "\n    Test case TC-4\n    ", "start": 1679757028352, "stop": 1679757043522, "uuid": "f86f6ef0-af48-4975-870a-d405cfab1493", "historyId": "832350b147fac251f172289a626c5cba", "testCaseId": "7b8323124234f69a8fde1e3de50f452e", "fullName": "tests.test_shop#test_right_way", "labels": [{"name": "parentSuite", "value": "tests"}, {"name": "suite", "value": "test_shop"}, {"name": "host", "value": "Baribal"}, {"name": "thread", "value": "11976-MainThread"}, {"name": "framework", "value": "pytest"}, {"name": "language", "value": "cpython3"}, {"name": "package", "value": "tests.test_shop"}]}