{"name": "test_products_group", "status": "skipped", "statusDetails": {"message": "XFAIL Wait for fix bug\n\nselenium.common.exceptions.ElementClickInterceptedException: Message: element click intercepted: Element <a href=\"https://test.qa.studio?products_group=sale\" class=\"tab-sale \">...</a> is not clickable at point (900, 748). Other element would receive the click: <div class=\"catalog-toolbar-tabs__content\">...</div>\n  (Session info: chrome=111.0.5563.111)\nStacktrace:\nBacktrace:\n\t(No symbol) [0x0083DCE3]\n\t(No symbol) [0x007D39D1]\n\t(No symbol) [0x006E4DA8]\n\t(No symbol) [0x007152EA]\n\t(No symbol) [0x00713BBA]\n\t(No symbol) [0x00711EFB]\n\t(No symbol) [0x00711027]\n\t(No symbol) [0x00708D05]\n\t(No symbol) [0x0072AECC]\n\t(No symbol) [0x00708726]\n\t(No symbol) [0x0072B224]\n\t(No symbol) [0x0073D57C]\n\t(No symbol) [0x0072ACC6]\n\t(No symbol) [0x00706F68]\n\t(No symbol) [0x007080CD]\n\tGetHandleVerifier [0x00AB3832+2506274]\n\tGetHandleVerifier [0x00AE9794+2727300]\n\tGetHandleVerifier [0x00AEE36C+2746716]\n\tGetHandleVerifier [0x008E6690+617600]\n\t(No symbol) [0x007DC712]\n\t(No symbol) [0x007E1FF8]\n\t(No symbol) [0x007E20DB]\n\t(No symbol) [0x007EC63B]\n\tBaseThreadInitThunk [0x75F100F9+25]\n\tRtlGetAppContainerNamedObjectPath [0x772B7BBE+286]\n\tRtlGetAppContainerNamedObjectPath [0x772B7B8E+238]", "trace": "c:\\Users\\alexi\\Downloads\\selenium.qa.studio-main\\tests\\test_shop.py:47: in test_products_group\n    ???\n        browser    = <selenium.webdriver.chrome.webdriver.WebDriver (session=\"0e302233cf4d65d89912368d8f0f53ce\")>\n        element    = <selenium.webdriver.remote.webelement.WebElement (session=\"0e302233cf4d65d89912368d8f0f53ce\", element=\"9165e4c5-aed2-4c82-aace-e7311421f1e4\")>\n        elements   = [<selenium.webdriver.remote.webelement.WebElement (session=\"0e302233cf4d65d89912368d8f0f53ce\", element=\"41617420-0916-...te.webelement.WebElement (session=\"0e302233cf4d65d89912368d8f0f53ce\", element=\"b71273c5-1d87-444c-9d9c-f48fbf9bff89\")>]\n        expected_menu = [('Все', '', \"[class='tab-all active']\"), ('Бестселлеры', '/?products_group=best_sellers', \"[class='tab-best_sellers '... '/?products_group=new', \"[class='tab-new ']\"), ('Распродажа товаров', '/?products_group=sale', \"[class='tab-sale ']\")]\n        item       = ('Распродажа товаров', '/?products_group=sale', \"[class='tab-sale ']\")\n        menu_element = \"[class='catalog-toolbar-tabs__content'] a\"\n..\\..\\..\\AppData\\Local\\Programs\\Python\\Python311\\Lib\\site-packages\\selenium\\webdriver\\remote\\webelement.py:93: in click\n    self._execute(Command.CLICK_ELEMENT)\n        self       = <selenium.webdriver.remote.webelement.WebElement (session=\"0e302233cf4d65d89912368d8f0f53ce\", element=\"9165e4c5-aed2-4c82-aace-e7311421f1e4\")>\n..\\..\\..\\AppData\\Local\\Programs\\Python\\Python311\\Lib\\site-packages\\selenium\\webdriver\\remote\\webelement.py:403: in _execute\n    return self._parent.execute(command, params)\n        command    = 'clickElement'\n        params     = {'id': '9165e4c5-aed2-4c82-aace-e7311421f1e4'}\n        self       = <selenium.webdriver.remote.webelement.WebElement (session=\"0e302233cf4d65d89912368d8f0f53ce\", element=\"9165e4c5-aed2-4c82-aace-e7311421f1e4\")>\n..\\..\\..\\AppData\\Local\\Programs\\Python\\Python311\\Lib\\site-packages\\selenium\\webdriver\\remote\\webdriver.py:440: in execute\n    self.error_handler.check_response(response)\n        driver_command = 'clickElement'\n        params     = {'id': '9165e4c5-aed2-4c82-aace-e7311421f1e4'}\n        response   = {'status': 400, 'value': '{\"value\":{\"error\":\"element click intercepted\",\"message\":\"element click intercepted: Element ...\\n\\\\tRtlGetAppContainerNamedObjectPath [0x772B7BBE+286]\\\\n\\\\tRtlGetAppContainerNamedObjectPath [0x772B7B8E+238]\\\\n\"}}'}\n        self       = <selenium.webdriver.chrome.webdriver.WebDriver (session=\"0e302233cf4d65d89912368d8f0f53ce\")>\n..\\..\\..\\AppData\\Local\\Programs\\Python\\Python311\\Lib\\site-packages\\selenium\\webdriver\\remote\\errorhandler.py:245: in check_response\n    raise exception_class(message, screen, stacktrace)\nE   selenium.common.exceptions.ElementClickInterceptedException: Message: element click intercepted: Element <a href=\"https://test.qa.studio?products_group=sale\" class=\"tab-sale \">...</a> is not clickable at point (900, 748). Other element would receive the click: <div class=\"catalog-toolbar-tabs__content\">...</div>\nE     (Session info: chrome=111.0.5563.111)\nE   Stacktrace:\nE   Backtrace:\nE   \t(No symbol) [0x0083DCE3]\nE   \t(No symbol) [0x007D39D1]\nE   \t(No symbol) [0x006E4DA8]\nE   \t(No symbol) [0x007152EA]\nE   \t(No symbol) [0x00713BBA]\nE   \t(No symbol) [0x00711EFB]\nE   \t(No symbol) [0x00711027]\nE   \t(No symbol) [0x00708D05]\nE   \t(No symbol) [0x0072AECC]\nE   \t(No symbol) [0x00708726]\nE   \t(No symbol) [0x0072B224]\nE   \t(No symbol) [0x0073D57C]\nE   \t(No symbol) [0x0072ACC6]\nE   \t(No symbol) [0x00706F68]\nE   \t(No symbol) [0x007080CD]\nE   \tGetHandleVerifier [0x00AB3832+2506274]\nE   \tGetHandleVerifier [0x00AE9794+2727300]\nE   \tGetHandleVerifier [0x00AEE36C+2746716]\nE   \tGetHandleVerifier [0x008E6690+617600]\nE   \t(No symbol) [0x007DC712]\nE   \t(No symbol) [0x007E1FF8]\nE   \t(No symbol) [0x007E20DB]\nE   \t(No symbol) [0x007EC63B]\nE   \tBaseThreadInitThunk [0x75F100F9+25]\nE   \tRtlGetAppContainerNamedObjectPath [0x772B7BBE+286]\nE   \tRtlGetAppContainerNamedObjectPath [0x772B7B8E+238]\n        exception_class = <class 'selenium.common.exceptions.ElementClickInterceptedException'>\n        json       = <module 'json' from 'C:\\\\Users\\\\alexi\\\\AppData\\\\Local\\\\Programs\\\\Python\\\\Python311\\\\Lib\\\\json\\\\__init__.py'>\n        message    = 'element click intercepted: Element <a href=\"https://test.qa.studio?products_group=sale\" class=\"tab-sale \">...</a> is ...would receive the click: <div class=\"catalog-toolbar-tabs__content\">...</div>\\n  (Session info: chrome=111.0.5563.111)'\n        response   = {'status': 400, 'value': '{\"value\":{\"error\":\"element click intercepted\",\"message\":\"element click intercepted: Element ...\\n\\\\tRtlGetAppContainerNamedObjectPath [0x772B7BBE+286]\\\\n\\\\tRtlGetAppContainerNamedObjectPath [0x772B7B8E+238]\\\\n\"}}'}\n        screen     = None\n        self       = <selenium.webdriver.remote.errorhandler.ErrorHandler object at 0x0000022FF61FF0D0>\n        st_value   = 'Backtrace:\\n\\t(No symbol) [0x0083DCE3]\\n\\t(No symbol) [0x007D39D1]\\n\\t(No symbol) [0x006E4DA8]\\n\\t(No symbol) [0x0071...00F9+25]\\n\\tRtlGetAppContainerNamedObjectPath [0x772B7BBE+286]\\n\\tRtlGetAppContainerNamedObjectPath [0x772B7B8E+238]\\n'\n        stacktrace = ['Backtrace:', '\\t(No symbol) [0x0083DCE3]', '\\t(No symbol) [0x007D39D1]', '\\t(No symbol) [0x006E4DA8]', '\\t(No symbol) [0x007152EA]', '\\t(No symbol) [0x00713BBA]', ...]\n        status     = 'element click intercepted'\n        value      = {'error': 'element click intercepted', 'message': 'element click intercepted: Element <a href=\"https://test.qa.studio?...0F9+25]\\n\\tRtlGetAppContainerNamedObjectPath [0x772B7BBE+286]\\n\\tRtlGetAppContainerNamedObjectPath [0x772B7B8E+238]\\n'}\n        value_json = '{\"value\":{\"error\":\"element click intercepted\",\"message\":\"element click intercepted: Element \\\\u003Ca href=\\\\\"https://...\\\\n\\\\tRtlGetAppContainerNamedObjectPath [0x772B7BBE+286]\\\\n\\\\tRtlGetAppContainerNamedObjectPath [0x772B7B8E+238]\\\\n\"}}'"}, "description": "\n    Test case TC-2\n    ", "start": 1679680211570, "stop": 1679680214918, "uuid": "c0d1152c-094a-4dbd-bfaf-f1f9f6dfe0d4", "historyId": "09ac6b905e7ac66417c95d86a058a7ca", "testCaseId": "4fdd6adba16e950b161eae73ef4ccb14", "fullName": "tests.test_shop#test_products_group", "labels": [{"name": "tag", "value": "@pytest.mark.xfail(reason='Wait for fix bug')"}, {"name": "parentSuite", "value": "tests"}, {"name": "suite", "value": "test_shop"}, {"name": "host", "value": "Baribal"}, {"name": "thread", "value": "14340-MainThread"}, {"name": "framework", "value": "pytest"}, {"name": "language", "value": "cpython3"}, {"name": "package", "value": "tests.test_shop"}]}