{"name": "test_products_group", "status": "skipped", "statusDetails": {"message": "XFAIL Wait for fix bug\n\nselenium.common.exceptions.ElementClickInterceptedException: Message: element click intercepted: Element <a href=\"https://test.qa.studio?products_group=sale\" class=\"tab-sale \">...</a> is not clickable at point (900, 748). Other element would receive the click: <div class=\"catalog-toolbar-tabs__content\">...</div>\n  (Session info: chrome=111.0.5563.111)\nStacktrace:\nBacktrace:\n\t(No symbol) [0x00DCDCE3]\n\t(No symbol) [0x00D639D1]\n\t(No symbol) [0x00C74DA8]\n\t(No symbol) [0x00CA52EA]\n\t(No symbol) [0x00CA3BBA]\n\t(No symbol) [0x00CA1EFB]\n\t(No symbol) [0x00CA1027]\n\t(No symbol) [0x00C98D05]\n\t(No symbol) [0x00CBAECC]\n\t(No symbol) [0x00C98726]\n\t(No symbol) [0x00CBB224]\n\t(No symbol) [0x00CCD57C]\n\t(No symbol) [0x00CBACC6]\n\t(No symbol) [0x00C96F68]\n\t(No symbol) [0x00C980CD]\n\tGetHandleVerifier [0x01043832+2506274]\n\tGetHandleVerifier [0x01079794+2727300]\n\tGetHandleVerifier [0x0107E36C+2746716]\n\tGetHandleVerifier [0x00E76690+617600]\n\t(No symbol) [0x00D6C712]\n\t(No symbol) [0x00D71FF8]\n\t(No symbol) [0x00D720DB]\n\t(No symbol) [0x00D7C63B]\n\tBaseThreadInitThunk [0x76CC00F9+25]\n\tRtlGetAppContainerNamedObjectPath [0x77AA7BBE+286]\n\tRtlGetAppContainerNamedObjectPath [0x77AA7B8E+238]", "trace": "tests\\test_shop.py:47: in test_products_group\n    element.click()\n        browser    = <selenium.webdriver.chrome.webdriver.WebDriver (session=\"0b8a58fdda4b976c7777ea63b32b725f\")>\n        element    = <selenium.webdriver.remote.webelement.WebElement (session=\"0b8a58fdda4b976c7777ea63b32b725f\", element=\"656fd982-e4e6-422c-92f8-a9000da56aee\")>\n        elements   = [<selenium.webdriver.remote.webelement.WebElement (session=\"0b8a58fdda4b976c7777ea63b32b725f\", element=\"3d7edcac-03b3-...te.webelement.WebElement (session=\"0b8a58fdda4b976c7777ea63b32b725f\", element=\"ae8d436a-3b75-4b87-8ab9-57320d84b97f\")>]\n        expected_menu = [('Все', '', \"[class='tab-all active']\"), ('Бестселлеры', '/?products_group=best_sellers', \"[class='tab-best_sellers '... '/?products_group=new', \"[class='tab-new ']\"), ('Распродажа товаров', '/?products_group=sale', \"[class='tab-sale ']\")]\n        item       = ('Распродажа товаров', '/?products_group=sale', \"[class='tab-sale ']\")\n        menu_element = \"[class='catalog-toolbar-tabs__content'] a\"\n..\\..\\..\\AppData\\Local\\Programs\\Python\\Python311\\Lib\\site-packages\\selenium\\webdriver\\remote\\webelement.py:93: in click\n    self._execute(Command.CLICK_ELEMENT)\n        self       = <selenium.webdriver.remote.webelement.WebElement (session=\"0b8a58fdda4b976c7777ea63b32b725f\", element=\"656fd982-e4e6-422c-92f8-a9000da56aee\")>\n..\\..\\..\\AppData\\Local\\Programs\\Python\\Python311\\Lib\\site-packages\\selenium\\webdriver\\remote\\webelement.py:403: in _execute\n    return self._parent.execute(command, params)\n        command    = 'clickElement'\n        params     = {'id': '656fd982-e4e6-422c-92f8-a9000da56aee'}\n        self       = <selenium.webdriver.remote.webelement.WebElement (session=\"0b8a58fdda4b976c7777ea63b32b725f\", element=\"656fd982-e4e6-422c-92f8-a9000da56aee\")>\n..\\..\\..\\AppData\\Local\\Programs\\Python\\Python311\\Lib\\site-packages\\selenium\\webdriver\\remote\\webdriver.py:440: in execute\n    self.error_handler.check_response(response)\n        driver_command = 'clickElement'\n        params     = {'id': '656fd982-e4e6-422c-92f8-a9000da56aee'}\n        response   = {'status': 400, 'value': '{\"value\":{\"error\":\"element click intercepted\",\"message\":\"element click intercepted: Element ...\\n\\\\tRtlGetAppContainerNamedObjectPath [0x77AA7BBE+286]\\\\n\\\\tRtlGetAppContainerNamedObjectPath [0x77AA7B8E+238]\\\\n\"}}'}\n        self       = <selenium.webdriver.chrome.webdriver.WebDriver (session=\"0b8a58fdda4b976c7777ea63b32b725f\")>\n..\\..\\..\\AppData\\Local\\Programs\\Python\\Python311\\Lib\\site-packages\\selenium\\webdriver\\remote\\errorhandler.py:245: in check_response\n    raise exception_class(message, screen, stacktrace)\nE   selenium.common.exceptions.ElementClickInterceptedException: Message: element click intercepted: Element <a href=\"https://test.qa.studio?products_group=sale\" class=\"tab-sale \">...</a> is not clickable at point (900, 748). Other element would receive the click: <div class=\"catalog-toolbar-tabs__content\">...</div>\nE     (Session info: chrome=111.0.5563.111)\nE   Stacktrace:\nE   Backtrace:\nE   \t(No symbol) [0x00DCDCE3]\nE   \t(No symbol) [0x00D639D1]\nE   \t(No symbol) [0x00C74DA8]\nE   \t(No symbol) [0x00CA52EA]\nE   \t(No symbol) [0x00CA3BBA]\nE   \t(No symbol) [0x00CA1EFB]\nE   \t(No symbol) [0x00CA1027]\nE   \t(No symbol) [0x00C98D05]\nE   \t(No symbol) [0x00CBAECC]\nE   \t(No symbol) [0x00C98726]\nE   \t(No symbol) [0x00CBB224]\nE   \t(No symbol) [0x00CCD57C]\nE   \t(No symbol) [0x00CBACC6]\nE   \t(No symbol) [0x00C96F68]\nE   \t(No symbol) [0x00C980CD]\nE   \tGetHandleVerifier [0x01043832+2506274]\nE   \tGetHandleVerifier [0x01079794+2727300]\nE   \tGetHandleVerifier [0x0107E36C+2746716]\nE   \tGetHandleVerifier [0x00E76690+617600]\nE   \t(No symbol) [0x00D6C712]\nE   \t(No symbol) [0x00D71FF8]\nE   \t(No symbol) [0x00D720DB]\nE   \t(No symbol) [0x00D7C63B]\nE   \tBaseThreadInitThunk [0x76CC00F9+25]\nE   \tRtlGetAppContainerNamedObjectPath [0x77AA7BBE+286]\nE   \tRtlGetAppContainerNamedObjectPath [0x77AA7B8E+238]\n        exception_class = <class 'selenium.common.exceptions.ElementClickInterceptedException'>\n        json       = <module 'json' from 'C:\\\\Users\\\\alexi\\\\AppData\\\\Local\\\\Programs\\\\Python\\\\Python311\\\\Lib\\\\json\\\\__init__.py'>\n        message    = 'element click intercepted: Element <a href=\"https://test.qa.studio?products_group=sale\" class=\"tab-sale \">...</a> is ...would receive the click: <div class=\"catalog-toolbar-tabs__content\">...</div>\\n  (Session info: chrome=111.0.5563.111)'\n        response   = {'status': 400, 'value': '{\"value\":{\"error\":\"element click intercepted\",\"message\":\"element click intercepted: Element ...\\n\\\\tRtlGetAppContainerNamedObjectPath [0x77AA7BBE+286]\\\\n\\\\tRtlGetAppContainerNamedObjectPath [0x77AA7B8E+238]\\\\n\"}}'}\n        screen     = None\n        self       = <selenium.webdriver.remote.errorhandler.ErrorHandler object at 0x00000236C5F46B10>\n        st_value   = 'Backtrace:\\n\\t(No symbol) [0x00DCDCE3]\\n\\t(No symbol) [0x00D639D1]\\n\\t(No symbol) [0x00C74DA8]\\n\\t(No symbol) [0x00CA...00F9+25]\\n\\tRtlGetAppContainerNamedObjectPath [0x77AA7BBE+286]\\n\\tRtlGetAppContainerNamedObjectPath [0x77AA7B8E+238]\\n'\n        stacktrace = ['Backtrace:', '\\t(No symbol) [0x00DCDCE3]', '\\t(No symbol) [0x00D639D1]', '\\t(No symbol) [0x00C74DA8]', '\\t(No symbol) [0x00CA52EA]', '\\t(No symbol) [0x00CA3BBA]', ...]\n        status     = 'element click intercepted'\n        value      = {'error': 'element click intercepted', 'message': 'element click intercepted: Element <a href=\"https://test.qa.studio?...0F9+25]\\n\\tRtlGetAppContainerNamedObjectPath [0x77AA7BBE+286]\\n\\tRtlGetAppContainerNamedObjectPath [0x77AA7B8E+238]\\n'}\n        value_json = '{\"value\":{\"error\":\"element click intercepted\",\"message\":\"element click intercepted: Element \\\\u003Ca href=\\\\\"https://...\\\\n\\\\tRtlGetAppContainerNamedObjectPath [0x77AA7BBE+286]\\\\n\\\\tRtlGetAppContainerNamedObjectPath [0x77AA7B8E+238]\\\\n\"}}'"}, "description": "\n    Test case TC-2\n    ", "start": 1679757464291, "stop": 1679757467623, "uuid": "8f72c160-ff2e-4850-9d1e-9ac7451fc406", "historyId": "09ac6b905e7ac66417c95d86a058a7ca", "testCaseId": "4fdd6adba16e950b161eae73ef4ccb14", "fullName": "tests.test_shop#test_products_group", "labels": [{"name": "tag", "value": "@pytest.mark.xfail(reason='Wait for fix bug')"}, {"name": "parentSuite", "value": "tests"}, {"name": "suite", "value": "test_shop"}, {"name": "host", "value": "Baribal"}, {"name": "thread", "value": "15328-MainThread"}, {"name": "framework", "value": "pytest"}, {"name": "language", "value": "cpython3"}, {"name": "package", "value": "tests.test_shop"}]}